<?xml version="1.0" encoding="utf-8"?><testsuites name="pytest tests"><testsuite name="pytest" errors="0" failures="1" skipped="0" tests="17" time="3.540" timestamp="2026-04-20T20:58:59.331551+00:00" hostname="agent-env-45990540-4f21-48af-8d33-bc301f755cbd"><testcase classname="backend.tests.test_easyloc.TestEasyLocPublic" name="test_get_content_all_sections" time="0.207" /><testcase classname="backend.tests.test_easyloc.TestEasyLocPublic" name="test_get_vehicles_seed" time="0.056" /><testcase classname="backend.tests.test_easyloc.TestEasyLocPublic" name="test_get_single_vehicle" time="0.120" /><testcase classname="backend.tests.test_easyloc.TestEasyLocPublic" name="test_get_vehicle_404" time="0.053" /><testcase classname="backend.tests.test_easyloc.TestEasyLocPublic" name="test_create_reservation" time="0.062" /><testcase classname="backend.tests.test_easyloc.TestEasyLocAdminAuth" name="test_admin_reservations_without_token" time="0.113" /><testcase classname="backend.tests.test_easyloc.TestEasyLocAdminAuth" name="test_admin_vehicles_post_without_token" time="0.116" /><testcase classname="backend.tests.test_easyloc.TestEasyLocAdminAuth" name="test_admin_reservations_with_token" time="0.449" /><testcase classname="backend.tests.test_easyloc.TestEasyLocAdminVehicleCRUD" name="test_create_vehicle" time="0.296" /><testcase classname="backend.tests.test_easyloc.TestEasyLocAdminVehicleCRUD" name="test_update_vehicle" time="0.356" /><testcase classname="backend.tests.test_easyloc.TestEasyLocAdminVehicleCRUD" name="test_delete_vehicle" time="0.264" /><testcase classname="backend.tests.test_easyloc.TestEasyLocAdminContent" name="test_update_content_section" time="0.421" /><testcase classname="backend.tests.test_easyloc.TestEasyLocAdminReservation" name="test_update_reservation_status" time="0.298" /><testcase classname="backend.tests.test_easyloc.TestEasyLeazRegression" name="test_vehicles_endpoint" time="0.058" /><testcase classname="backend.tests.test_easyloc.TestEasyLeazRegression" name="test_cms_endpoint" time="0.069" /><testcase classname="backend.tests.test_easyloc.TestEasyLeazRegression" name="test_auth_login" time="0.284" /><testcase classname="backend.tests.test_easyloc.TestEasyLeazRegression" name="test_leads_create" time="0.190"><failure message="AssertionError: 422 {&quot;detail&quot;:[{&quot;type&quot;:&quot;missing&quot;,&quot;loc&quot;:[&quot;body&quot;,&quot;first_name&quot;],&quot;msg&quot;:&quot;Field required&quot;,&quot;input&quot;:null,&quot;url&quot;:&quot;https://errors.pydantic.dev/2.12/v/missing&quot;},{&quot;type&quot;:&quot;missing&quot;,&quot;loc&quot;:[&quot;body&quot;,&quot;last_name&quot;],&quot;msg&quot;:&quot;Field required&quot;,&quot;input&quot;:null,&quot;url&quot;:&quot;https://errors.pydantic.dev/2.12/v/missing&quot;},{&quot;type&quot;:&quot;missing&quot;,&quot;loc&quot;:[&quot;body&quot;,&quot;phone&quot;],&quot;msg&quot;:&quot;Field required&quot;,&quot;input&quot;:null,&quot;url&quot;:&quot;https://errors.pydantic.dev/2.12/v/missing&quot;},{&quot;type&quot;:&quot;missing&quot;,&quot;loc&quot;:[&quot;body&quot;,&quot;email&quot;],&quot;msg&quot;:&quot;Field required&quot;,&quot;input&quot;:null,&quot;url&quot;:&quot;https://errors.pydantic.dev/2.12/v/missing&quot;}]}&#10;assert 422 in (200, 201)&#10; +  where 422 = &lt;Response [422]&gt;.status_code">backend/tests/test_easyloc.py:235: in test_leads_create
    assert r.status_code in (200, 201), f"{r.status_code} {r.text}"
E   AssertionError: 422 {"detail":[{"type":"missing","loc":["body","first_name"],"msg":"Field required","input":null,"url":"https://errors.pydantic.dev/2.12/v/missing"},{"type":"missing","loc":["body","last_name"],"msg":"Field required","input":null,"url":"https://errors.pydantic.dev/2.12/v/missing"},{"type":"missing","loc":["body","phone"],"msg":"Field required","input":null,"url":"https://errors.pydantic.dev/2.12/v/missing"},{"type":"missing","loc":["body","email"],"msg":"Field required","input":null,"url":"https://errors.pydantic.dev/2.12/v/missing"}]}
E   assert 422 in (200, 201)
E    +  where 422 = &lt;Response [422]&gt;.status_code</failure></testcase></testsuite></testsuites>