<?xml version="1.0" encoding="utf-8"?><testsuites name="pytest tests"><testsuite name="pytest" errors="0" failures="0" skipped="0" tests="4" time="1.111" timestamp="2026-05-30T12:56:53.967518+00:00" hostname="agent-env-45990540-4f21-48af-8d33-bc301f755cbd"><testcase classname="backend.tests.test_iter10_address_since.TestAddressSinceDate" name="test_create_lead_with_address_since_date" time="0.295" /><testcase classname="backend.tests.test_iter10_address_since.TestAddressSinceDate" name="test_get_lead_returns_address_since_date" time="0.485" /><testcase classname="backend.tests.test_iter10_address_since.TestCSVColumnPosition" name="test_csv_header_position_and_value" time="0.126" /><testcase classname="backend.tests.test_iter10_address_since.TestCleanup" name="test_cleanup" time="0.157" /></testsuite></testsuites>