<?xml version="1.0" encoding="utf-8"?><testsuites name="pytest tests"><testsuite name="pytest" errors="0" failures="0" skipped="0" tests="4" time="1.643" timestamp="2026-06-01T15:40:34.709328+00:00" hostname="agent-env-45990540-4f21-48af-8d33-bc301f755cbd"><testcase classname="backend.tests.test_iter11_doc_download.TestDocumentDownload" name="test_create_lead_with_documents" time="0.827" /><testcase classname="backend.tests.test_iter11_doc_download.TestDocumentDownload" name="test_download_without_auth_returns_401" time="0.143" /><testcase classname="backend.tests.test_iter11_doc_download.TestDocumentDownload" name="test_download_with_admin_auth_returns_200_and_binary" time="0.232" /><testcase classname="backend.tests.test_iter11_doc_download.TestDocumentDownload" name="test_download_with_invalid_token_returns_401" time="0.340" /></testsuite></testsuites>