<?xml version="1.0" encoding="utf-8"?><testsuites name="pytest tests"><testsuite name="pytest" errors="0" failures="0" skipped="0" tests="8" time="1.690" timestamp="2026-05-30T13:05:18.083420+00:00" hostname="agent-env-45990540-4f21-48af-8d33-bc301f755cbd"><testcase classname="backend.tests.test_iter9_full.TestVehicleDescriptions" name="test_easyleaz_occasion_vehicles_have_description" time="0.137" /><testcase classname="backend.tests.test_iter9_full.TestVehicleDescriptions" name="test_easyloc_vehicles_have_description" time="0.118" /><testcase classname="backend.tests.test_iter9_full.TestLeadCreationAllFields" name="test_create_lead_multipart_with_new_fields" time="0.117" /><testcase classname="backend.tests.test_iter9_full.TestLeadCreationAllFields" name="test_lead_persisted_with_all_fields" time="0.434" /><testcase classname="backend.tests.test_iter9_full.TestCSVExport" name="test_csv_export_headers_and_values" time="0.120" /><testcase classname="backend.tests.test_iter9_full.TestEasyLocUnavailableDates" name="test_unavailable_dates_endpoint_returns_list" time="0.111" /><testcase classname="backend.tests.test_iter9_full.TestEasyLocUnavailableDates" name="test_create_and_approve_reservation_blocks_dates" time="0.355" /><testcase classname="backend.tests.test_iter9_full.TestCleanup" name="test_cleanup" time="0.243" /></testsuite></testsuites>