<?xml version="1.0" encoding="utf-8"?><testsuites name="pytest tests"><testsuite name="pytest" errors="0" failures="0" skipped="0" tests="16" time="5.068" timestamp="2026-04-21T19:42:45.299424+00:00" hostname="agent-env-45990540-4f21-48af-8d33-bc301f755cbd"><testcase classname="backend.tests.test_cms_assets_iter7.TestEasyLeazCMSDefaults" name="test_theme_defaults" time="0.206" /><testcase classname="backend.tests.test_cms_assets_iter7.TestEasyLeazCMSDefaults" name="test_sections_config_defaults" time="0.122" /><testcase classname="backend.tests.test_cms_assets_iter7.TestEasyLeazCMSDefaults" name="test_hero_media_defaults" time="0.123" /><testcase classname="backend.tests.test_cms_assets_iter7.TestEasyLeazCMSDefaults" name="test_theme_put_persists_then_revert" time="0.954" /><testcase classname="backend.tests.test_cms_assets_iter7.TestEasyLeazCMSDefaults" name="test_sections_config_put_toggle_then_revert" time="0.633" /><testcase classname="backend.tests.test_cms_assets_iter7.TestCMSAssetsUpload" name="test_upload_image_requires_admin" time="0.144" /><testcase classname="backend.tests.test_cms_assets_iter7.TestCMSAssetsUpload" name="test_upload_image_success" time="0.572" /><testcase classname="backend.tests.test_cms_assets_iter7.TestCMSAssetsUpload" name="test_upload_invalid_extension_rejected" time="0.139" /><testcase classname="backend.tests.test_cms_assets_iter7.TestEasyLocCMSDefaults" name="test_theme_defaults" time="0.148" /><testcase classname="backend.tests.test_cms_assets_iter7.TestEasyLocCMSDefaults" name="test_sections_config_defaults" time="0.130" /><testcase classname="backend.tests.test_cms_assets_iter7.TestEasyLocCMSDefaults" name="test_hero_media_defaults" time="0.128" /><testcase classname="backend.tests.test_cms_assets_iter7.TestEasyLocCMSDefaults" name="test_theme_put_persists_then_revert" time="0.549" /><testcase classname="backend.tests.test_cms_assets_iter7.TestEasyLocVehicleSeed" name="test_no_default_seed_just_a35" time="0.162" /><testcase classname="backend.tests.test_cms_assets_iter7.TestEasyLocImageUpload" name="test_upload_images_to_vehicle" time="0.700" /><testcase classname="backend.tests.test_cms_assets_iter7.TestNonRegression" name="test_get_vehicles" time="0.132" /><testcase classname="backend.tests.test_cms_assets_iter7.TestNonRegression" name="test_get_cms_all" time="0.144" /></testsuite></testsuites>