<?xml version="1.0" encoding="utf-8"?><testsuites name="pytest tests"><testsuite name="pytest" errors="0" failures="0" skipped="1" tests="5" time="2.110" timestamp="2026-06-05T16:54:24.116559+00:00" hostname="agent-env-45990540-4f21-48af-8d33-bc301f755cbd"><testcase classname="backend.tests.test_iter15.TestVehicleExtendedFields" name="test_get_vehicles_returns_new_fields" time="0.929" /><testcase classname="backend.tests.test_iter15.TestVehicleExtendedFields" name="test_put_updates_new_fields" time="0.470" /><testcase classname="backend.tests.test_iter15.TestLeadDocDownload" name="test_download_recent_pdf_works" time="0.398" /><testcase classname="backend.tests.test_iter15.TestLeadDocDownload" name="test_download_missing_doc_returns_404_with_msg" time="0.136" /><testcase classname="backend.tests.test_iter15.TestLeadDocDownload" name="test_download_404_phantom_message_when_binary_lost" time="0.000"><skipped type="pytest.skip" message="'redéploiement' branch requires DB injection (no direct API to create phantom doc); covered by code review (server.py L623)">/app/backend/tests/test_iter15.py:167: 'redéploiement' branch requires DB injection (no direct API to create phantom doc); covered by code review (server.py L623)</skipped></testcase></testsuite></testsuites>