<?xml version="1.0" encoding="utf-8"?><testsuites name="pytest tests"><testsuite name="pytest" errors="0" failures="1" skipped="0" tests="52" time="12.606" timestamp="2026-06-02T02:46:54.251017+00:00" hostname="agent-env-45990540-4f21-48af-8d33-bc301f755cbd"><testcase classname="backend.tests.test_cms_assets_iter7.TestEasyLeazCMSDefaults" name="test_theme_defaults" time="0.159" /><testcase classname="backend.tests.test_cms_assets_iter7.TestEasyLeazCMSDefaults" name="test_sections_config_defaults" time="0.112" /><testcase classname="backend.tests.test_cms_assets_iter7.TestEasyLeazCMSDefaults" name="test_hero_media_defaults" time="0.107" /><testcase classname="backend.tests.test_cms_assets_iter7.TestEasyLeazCMSDefaults" name="test_theme_put_persists_then_revert" time="0.890" /><testcase classname="backend.tests.test_cms_assets_iter7.TestEasyLeazCMSDefaults" name="test_sections_config_put_toggle_then_revert" time="0.472" /><testcase classname="backend.tests.test_cms_assets_iter7.TestCMSAssetsUpload" name="test_upload_image_requires_admin" time="0.108" /><testcase classname="backend.tests.test_cms_assets_iter7.TestCMSAssetsUpload" name="test_upload_image_success" time="0.476" /><testcase classname="backend.tests.test_cms_assets_iter7.TestCMSAssetsUpload" name="test_upload_invalid_extension_rejected" time="0.112" /><testcase classname="backend.tests.test_cms_assets_iter7.TestEasyLocCMSDefaults" name="test_theme_defaults" time="0.118" /><testcase classname="backend.tests.test_cms_assets_iter7.TestEasyLocCMSDefaults" name="test_sections_config_defaults" time="0.130" /><testcase classname="backend.tests.test_cms_assets_iter7.TestEasyLocCMSDefaults" name="test_hero_media_defaults" time="0.118" /><testcase classname="backend.tests.test_cms_assets_iter7.TestEasyLocCMSDefaults" name="test_theme_put_persists_then_revert" time="0.483" /><testcase classname="backend.tests.test_cms_assets_iter7.TestEasyLocVehicleSeed" name="test_no_default_seed_just_a35" time="0.114" /><testcase classname="backend.tests.test_cms_assets_iter7.TestEasyLocImageUpload" name="test_upload_images_to_vehicle" time="0.599" /><testcase classname="backend.tests.test_cms_assets_iter7.TestNonRegression" name="test_get_vehicles" time="0.105" /><testcase classname="backend.tests.test_cms_assets_iter7.TestNonRegression" name="test_get_cms_all" time="0.116" /><testcase classname="backend.tests.test_easyloc.TestEasyLocPublic" name="test_get_content_all_sections" time="0.117" /><testcase classname="backend.tests.test_easyloc.TestEasyLocPublic" name="test_get_vehicles_seed" time="0.050"><failure message="AssertionError: Expected &gt;=9 vehicles, got 1&#10;assert 1 &gt;= 9&#10; +  where 1 = len([{'available': True, 'category': 'sport', 'description': 'Mercedes-AMG A35 4MATIC (2021) — 306 ch / 4.7s pour le 0-100\n• Transmission AMG SPEEDSHIFT DCT 7G — performance pure\n• Transmission intégrale 4MATIC permanente\n• AMG Performance Drive Unit, modes de conduite Slippery, Comfort, Sport, Sport+, Individual\n• Sièges sport AMG en cuir ARTICO/microfibre, volant Performance AMG\n• MBUX avec navigation et reconnaissance vocale, écran 10.25&quot;\n• Régulateur adaptatif, freinage actif, surveillance d\'angle mort\n• Suivi entretien Mercedes officiel, 1ère main', 'id': 'cdc4ef1f-2797-45ac-87fb-44ba1c69dac9', ...}])">backend/tests/test_easyloc.py:69: in test_get_vehicles_seed
    assert len(vehicles) &gt;= 9, f"Expected &gt;=9 vehicles, got {len(vehicles)}"
E   AssertionError: Expected &gt;=9 vehicles, got 1
E   assert 1 &gt;= 9
E    +  where 1 = len([{'available': True, 'category': 'sport', 'description': 'Mercedes-AMG A35 4MATIC (2021) — 306 ch / 4.7s pour le 0-100\n• Transmission AMG SPEEDSHIFT DCT 7G — performance pure\n• Transmission intégrale 4MATIC permanente\n• AMG Performance Drive Unit, modes de conduite Slippery, Comfort, Sport, Sport+, Individual\n• Sièges sport AMG en cuir ARTICO/microfibre, volant Performance AMG\n• MBUX avec navigation et reconnaissance vocale, écran 10.25"\n• Régulateur adaptatif, freinage actif, surveillance d\'angle mort\n• Suivi entretien Mercedes officiel, 1ère main', 'id': 'cdc4ef1f-2797-45ac-87fb-44ba1c69dac9', ...}])</failure></testcase><testcase classname="backend.tests.test_easyloc.TestEasyLocPublic" name="test_get_single_vehicle" time="0.096" /><testcase classname="backend.tests.test_easyloc.TestEasyLocPublic" name="test_get_vehicle_404" time="0.045" /><testcase classname="backend.tests.test_easyloc.TestEasyLocPublic" name="test_create_reservation" time="0.044" /><testcase classname="backend.tests.test_easyloc.TestEasyLocAdminAuth" name="test_admin_reservations_without_token" time="0.116" /><testcase classname="backend.tests.test_easyloc.TestEasyLocAdminAuth" name="test_admin_vehicles_post_without_token" time="0.110" /><testcase classname="backend.tests.test_easyloc.TestEasyLocAdminAuth" name="test_admin_reservations_with_token" time="0.448" /><testcase classname="backend.tests.test_easyloc.TestEasyLocAdminVehicleCRUD" name="test_create_vehicle" time="0.223" /><testcase classname="backend.tests.test_easyloc.TestEasyLocAdminVehicleCRUD" name="test_update_vehicle" time="0.213" /><testcase classname="backend.tests.test_easyloc.TestEasyLocAdminVehicleCRUD" name="test_delete_vehicle" time="0.234" /><testcase classname="backend.tests.test_easyloc.TestEasyLocAdminContent" name="test_update_content_section" time="0.344" /><testcase classname="backend.tests.test_easyloc.TestEasyLocAdminReservation" name="test_update_reservation_status" time="0.267" /><testcase classname="backend.tests.test_easyloc.TestEasyLeazRegression" name="test_vehicles_endpoint" time="0.050" /><testcase classname="backend.tests.test_easyloc.TestEasyLeazRegression" name="test_cms_endpoint" time="0.053" /><testcase classname="backend.tests.test_easyloc.TestEasyLeazRegression" name="test_auth_login" time="0.269" /><testcase classname="backend.tests.test_easyloc.TestEasyLeazRegression" name="test_leads_create" time="0.123" /><testcase classname="backend.tests.test_iter10_address_since.TestAddressSinceDate" name="test_create_lead_with_address_since_date" time="0.116" /><testcase classname="backend.tests.test_iter10_address_since.TestAddressSinceDate" name="test_get_lead_returns_address_since_date" time="0.455" /><testcase classname="backend.tests.test_iter10_address_since.TestCSVColumnPosition" name="test_csv_header_position_and_value" time="0.106" /><testcase classname="backend.tests.test_iter10_address_since.TestCleanup" name="test_cleanup" time="0.123" /><testcase classname="backend.tests.test_iter11_doc_download.TestDocumentDownload" name="test_create_lead_with_documents" time="0.551" /><testcase classname="backend.tests.test_iter11_doc_download.TestDocumentDownload" name="test_download_without_auth_returns_401" time="0.134" /><testcase classname="backend.tests.test_iter11_doc_download.TestDocumentDownload" name="test_download_with_admin_auth_returns_200_and_binary" time="0.239" /><testcase classname="backend.tests.test_iter11_doc_download.TestDocumentDownload" name="test_download_with_invalid_token_returns_401" time="0.209" /><testcase classname="backend.tests.test_iter12_mongo_binary.TestEasyLeazVehicleImageMongoPersist" name="test_upload_then_serve_from_mongo_after_disk_wipe" time="0.903" /><testcase classname="backend.tests.test_iter12_mongo_binary.TestEasyLocVehicleImageMongoPersist" name="test_upload_then_serve_from_mongo_after_disk_wipe" time="0.467" /><testcase classname="backend.tests.test_iter12_mongo_binary.TestLeadDocumentMongoPersist" name="test_download_doc_after_disk_wipe_uses_mongo" time="0.568" /><testcase classname="backend.tests.test_iter9_full.TestVehicleDescriptions" name="test_easyleaz_occasion_vehicles_have_description" time="0.102" /><testcase classname="backend.tests.test_iter9_full.TestVehicleDescriptions" name="test_easyloc_vehicles_have_description" time="0.108" /><testcase classname="backend.tests.test_iter9_full.TestLeadCreationAllFields" name="test_create_lead_multipart_with_new_fields" time="0.129" /><testcase classname="backend.tests.test_iter9_full.TestLeadCreationAllFields" name="test_lead_persisted_with_all_fields" time="0.456" /><testcase classname="backend.tests.test_iter9_full.TestCSVExport" name="test_csv_export_headers_and_values" time="0.113" /><testcase classname="backend.tests.test_iter9_full.TestEasyLocUnavailableDates" name="test_unavailable_dates_endpoint_returns_list" time="0.112" /><testcase classname="backend.tests.test_iter9_full.TestEasyLocUnavailableDates" name="test_create_and_approve_reservation_blocks_dates" time="0.374" /><testcase classname="backend.tests.test_iter9_full.TestCleanup" name="test_cleanup" time="0.221" /></testsuite></testsuites>