<?xml version="1.0" encoding="utf-8"?><testsuites name="pytest tests"><testsuite name="pytest" errors="0" failures="0" skipped="0" tests="5" time="2.174" timestamp="2026-06-04T17:14:45.056617+00:00" hostname="agent-env-45990540-4f21-48af-8d33-bc301f755cbd"><testcase classname="backend.tests.test_iter14.TestLeadDocDownload" name="test_lead_created_with_documents" time="0.748" /><testcase classname="backend.tests.test_iter14.TestLeadDocDownload" name="test_download_without_bearer_is_401" time="0.319" /><testcase classname="backend.tests.test_iter14.TestLeadDocDownload" name="test_download_with_bearer_returns_binary" time="0.293" /><testcase classname="backend.tests.test_iter14.TestUnavailableDatesConfirmed" name="test_unavailable_dates_includes_confirmed" time="0.572" /><testcase classname="backend.tests.test_iter14.TestEasyLocVehiclesGallery" name="test_vehicles_have_images_field" time="0.121" /></testsuite></testsuites>